  Tank.cpp
d:\게임프로그래밍\박지용용\battlecityingame\battlecityingame\tank.cpp(41): warning C4244: '=': 'float'에서 'LONG'(으)로 변환하면서 데이터가 손실될 수 있습니다.
d:\게임프로그래밍\박지용용\battlecityingame\battlecityingame\tank.cpp(42): warning C4244: '=': 'float'에서 'LONG'(으)로 변환하면서 데이터가 손실될 수 있습니다.
d:\게임프로그래밍\박지용용\battlecityingame\battlecityingame\tank.cpp(231): warning C4244: '=': 'float'에서 'LONG'(으)로 변환하면서 데이터가 손실될 수 있습니다.
d:\게임프로그래밍\박지용용\battlecityingame\battlecityingame\tank.cpp(232): warning C4244: '=': 'float'에서 'LONG'(으)로 변환하면서 데이터가 손실될 수 있습니다.
d:\게임프로그래밍\박지용용\battlecityingame\battlecityingame\tank.cpp(233): warning C4244: '=': 'float'에서 'LONG'(으)로 변환하면서 데이터가 손실될 수 있습니다.
d:\게임프로그래밍\박지용용\battlecityingame\battlecityingame\tank.cpp(234): warning C4244: '=': 'float'에서 'LONG'(으)로 변환하면서 데이터가 손실될 수 있습니다.
d:\게임프로그래밍\박지용용\battlecityingame\battlecityingame\tank.cpp(290): warning C4244: '인수': 'float'에서 'int'(으)로 변환하면서 데이터가 손실될 수 있습니다.
d:\게임프로그래밍\박지용용\battlecityingame\battlecityingame\tank.cpp(291): warning C4244: '인수': 'float'에서 'int'(으)로 변환하면서 데이터가 손실될 수 있습니다.
d:\게임프로그래밍\박지용용\battlecityingame\battlecityingame\tank.cpp(295): warning C4244: '=': 'int'에서 'float'(으)로 변환하면서 데이터가 손실될 수 있습니다.
d:\게임프로그래밍\박지용용\battlecityingame\battlecityingame\tank.cpp(305): warning C4244: '인수': 'float'에서 'int'(으)로 변환하면서 데이터가 손실될 수 있습니다.
d:\게임프로그래밍\박지용용\battlecityingame\battlecityingame\tank.cpp(306): warning C4244: '인수': 'float'에서 'int'(으)로 변환하면서 데이터가 손실될 수 있습니다.
d:\게임프로그래밍\박지용용\battlecityingame\battlecityingame\tank.cpp(310): warning C4244: '=': 'int'에서 'float'(으)로 변환하면서 데이터가 손실될 수 있습니다.
d:\게임프로그래밍\박지용용\battlecityingame\battlecityingame\tank.cpp(319): warning C4244: '인수': 'float'에서 'int'(으)로 변환하면서 데이터가 손실될 수 있습니다.
d:\게임프로그래밍\박지용용\battlecityingame\battlecityingame\tank.cpp(320): warning C4244: '인수': 'float'에서 'int'(으)로 변환하면서 데이터가 손실될 수 있습니다.
d:\게임프로그래밍\박지용용\battlecityingame\battlecityingame\tank.cpp(324): warning C4244: '=': 'int'에서 'float'(으)로 변환하면서 데이터가 손실될 수 있습니다.
d:\게임프로그래밍\박지용용\battlecityingame\battlecityingame\tank.cpp(332): warning C4244: '인수': 'float'에서 'int'(으)로 변환하면서 데이터가 손실될 수 있습니다.
d:\게임프로그래밍\박지용용\battlecityingame\battlecityingame\tank.cpp(333): warning C4244: '인수': 'float'에서 'int'(으)로 변환하면서 데이터가 손실될 수 있습니다.
d:\게임프로그래밍\박지용용\battlecityingame\battlecityingame\tank.cpp(337): warning C4244: '=': 'int'에서 'float'(으)로 변환하면서 데이터가 손실될 수 있습니다.
  ResourceManager.cpp
d:\게임프로그래밍\박지용용\battlecityingame\battlecityingame\resourcemanager.h(83): warning C4150: 불완전한 형식 'Bitmap'에 대한 포인터를 삭제했습니다. 소멸자가 호출되지 않습니다.
  d:\게임프로그래밍\박지용용\battlecityingame\battlecityingame\resourcemanager.h(58): note: 'Bitmap' 선언을 참조하십시오.
d:\게임프로그래밍\박지용용\battlecityingame\battlecityingame\resourcemanager.cpp(31): warning C4996: 'sprintf': This function or variable may be unsafe. Consider using sprintf_s instead. To disable deprecation, use _CRT_SECURE_NO_WARNINGS. See online help for details.
  c:\program files (x86)\windows kits\10\include\10.0.16299.0\ucrt\stdio.h(1772): note: 'sprintf' 선언을 참조하십시오.
  Missile.cpp
d:\게임프로그래밍\박지용용\battlecityingame\battlecityingame\missile.cpp(19): warning C4244: '=': 'int'에서 'float'(으)로 변환하면서 데이터가 손실될 수 있습니다.
d:\게임프로그래밍\박지용용\battlecityingame\battlecityingame\missile.cpp(86): warning C4244: '=': 'float'에서 'LONG'(으)로 변환하면서 데이터가 손실될 수 있습니다.
d:\게임프로그래밍\박지용용\battlecityingame\battlecityingame\missile.cpp(87): warning C4244: '=': 'float'에서 'LONG'(으)로 변환하면서 데이터가 손실될 수 있습니다.
d:\게임프로그래밍\박지용용\battlecityingame\battlecityingame\missile.cpp(88): warning C4244: '=': 'float'에서 'LONG'(으)로 변환하면서 데이터가 손실될 수 있습니다.
d:\게임프로그래밍\박지용용\battlecityingame\battlecityingame\missile.cpp(89): warning C4244: '=': 'float'에서 'LONG'(으)로 변환하면서 데이터가 손실될 수 있습니다.
  GameManager.cpp
d:\게임프로그래밍\박지용용\battlecityingame\battlecityingame\resourcemanager.h(83): warning C4150: 불완전한 형식 'Bitmap'에 대한 포인터를 삭제했습니다. 소멸자가 호출되지 않습니다.
  d:\게임프로그래밍\박지용용\battlecityingame\battlecityingame\resourcemanager.h(58): note: 'Bitmap' 선언을 참조하십시오.
d:\게임프로그래밍\박지용용\battlecityingame\battlecityingame\explosioneffect.h(50): warning C4244: '=': 'int'에서 'float'(으)로 변환하면서 데이터가 손실될 수 있습니다.
d:\게임프로그래밍\박지용용\battlecityingame\battlecityingame\explosioneffect.h(51): warning C4244: '=': 'int'에서 'float'(으)로 변환하면서 데이터가 손실될 수 있습니다.
d:\게임프로그래밍\박지용용\battlecityingame\battlecityingame\gamemanager.cpp(85): warning C4244: '인수': 'time_t'에서 'unsigned int'(으)로 변환하면서 데이터가 손실될 수 있습니다.
d:\게임프로그래밍\박지용용\battlecityingame\battlecityingame\gamemanager.cpp(160): warning C4244: '인수': 'int'에서 'float'(으)로 변환하면서 데이터가 손실될 수 있습니다.
d:\게임프로그래밍\박지용용\battlecityingame\battlecityingame\gamemanager.cpp(206): warning C4996: 'fopen': This function or variable may be unsafe. Consider using fopen_s instead. To disable deprecation, use _CRT_SECURE_NO_WARNINGS. See online help for details.
  c:\program files (x86)\windows kits\10\include\10.0.16299.0\ucrt\stdio.h(207): note: 'fopen' 선언을 참조하십시오.
d:\게임프로그래밍\박지용용\battlecityingame\battlecityingame\gamemanager.cpp(225): warning C4996: 'fopen': This function or variable may be unsafe. Consider using fopen_s instead. To disable deprecation, use _CRT_SECURE_NO_WARNINGS. See online help for details.
  c:\program files (x86)\windows kits\10\include\10.0.16299.0\ucrt\stdio.h(207): note: 'fopen' 선언을 참조하십시오.
d:\게임프로그래밍\박지용용\battlecityingame\battlecityingame\gamemanager.cpp(236): warning C4996: 'fscanf': This function or variable may be unsafe. Consider using fscanf_s instead. To disable deprecation, use _CRT_SECURE_NO_WARNINGS. See online help for details.
  c:\program files (x86)\windows kits\10\include\10.0.16299.0\ucrt\stdio.h(1195): note: 'fscanf' 선언을 참조하십시오.
d:\게임프로그래밍\박지용용\battlecityingame\battlecityingame\gamemanager.cpp(398): warning C4267: '인수': 'size_t'에서 'int'(으)로 변환하면서 데이터가 손실될 수 있습니다.
d:\게임프로그래밍\박지용용\battlecityingame\battlecityingame\gamemanager.cpp(488): warning C4244: '인수': 'int'에서 'float'(으)로 변환하면서 데이터가 손실될 수 있습니다.
d:\게임프로그래밍\박지용용\battlecityingame\battlecityingame\gamemanager.cpp(494): warning C4244: '인수': 'int'에서 'float'(으)로 변환하면서 데이터가 손실될 수 있습니다.
d:\게임프로그래밍\박지용용\battlecityingame\battlecityingame\gamemanager.cpp(500): warning C4244: '인수': 'int'에서 'float'(으)로 변환하면서 데이터가 손실될 수 있습니다.
d:\게임프로그래밍\박지용용\battlecityingame\battlecityingame\gamemanager.cpp(508): warning C4244: '인수': 'int'에서 'float'(으)로 변환하면서 데이터가 손실될 수 있습니다.
d:\게임프로그래밍\박지용용\battlecityingame\battlecityingame\gamemanager.cpp(522): warning C4244: '인수': 'int'에서 'float'(으)로 변환하면서 데이터가 손실될 수 있습니다.
d:\게임프로그래밍\박지용용\battlecityingame\battlecityingame\gamemanager.cpp(528): warning C4244: '인수': 'int'에서 'float'(으)로 변환하면서 데이터가 손실될 수 있습니다.
d:\게임프로그래밍\박지용용\battlecityingame\battlecityingame\gamemanager.cpp(534): warning C4244: '인수': 'int'에서 'float'(으)로 변환하면서 데이터가 손실될 수 있습니다.
d:\게임프로그래밍\박지용용\battlecityingame\battlecityingame\gamemanager.cpp(542): warning C4244: '인수': 'int'에서 'float'(으)로 변환하면서 데이터가 손실될 수 있습니다.
d:\게임프로그래밍\박지용용\battlecityingame\battlecityingame\gamemanager.cpp(600): warning C4244: '인수': 'int'에서 'float'(으)로 변환하면서 데이터가 손실될 수 있습니다.
d:\게임프로그래밍\박지용용\battlecityingame\battlecityingame\gamemanager.cpp(629): warning C4244: '인수': 'int'에서 'float'(으)로 변환하면서 데이터가 손실될 수 있습니다.
d:\게임프로그래밍\박지용용\battlecityingame\battlecityingame\gamemanager.cpp(651): warning C4244: '인수': 'int'에서 'float'(으)로 변환하면서 데이터가 손실될 수 있습니다.
d:\게임프로그래밍\박지용용\battlecityingame\battlecityingame\gamemanager.cpp(662): warning C4244: '인수': 'int'에서 'float'(으)로 변환하면서 데이터가 손실될 수 있습니다.
d:\게임프로그래밍\박지용용\battlecityingame\battlecityingame\gamemanager.cpp(677): warning C4101: 'temprt' :참조되지 않은 지역 변수입니다.
d:\게임프로그래밍\박지용용\battlecityingame\battlecityingame\gamemanager.cpp(710): warning C4101: 'temprt' :참조되지 않은 지역 변수입니다.
d:\게임프로그래밍\박지용용\battlecityingame\battlecityingame\gamemanager.cpp(744): warning C4101: 'temprt' :참조되지 않은 지역 변수입니다.
d:\게임프로그래밍\박지용용\battlecityingame\battlecityingame\gamemanager.cpp(777): warning C4101: 'temprt' :참조되지 않은 지역 변수입니다.
d:\게임프로그래밍\박지용용\battlecityingame\battlecityingame\gamemanager.cpp(1006): warning C4244: '인수': 'float'에서 'int'(으)로 변환하면서 데이터가 손실될 수 있습니다.
d:\게임프로그래밍\박지용용\battlecityingame\battlecityingame\gamemanager.cpp(1021): warning C4244: '인수': 'float'에서 'int'(으)로 변환하면서 데이터가 손실될 수 있습니다.
d:\게임프로그래밍\박지용용\battlecityingame\battlecityingame\gamemanager.cpp(1053): warning C4244: '인수': 'int'에서 'float'(으)로 변환하면서 데이터가 손실될 수 있습니다.
d:\게임프로그래밍\박지용용\battlecityingame\battlecityingame\gamemanager.cpp(1068): warning C4244: '인수': 'int'에서 'float'(으)로 변환하면서 데이터가 손실될 수 있습니다.
d:\게임프로그래밍\박지용용\battlecityingame\battlecityingame\gamemanager.cpp(1081): warning C4244: '인수': 'int'에서 'float'(으)로 변환하면서 데이터가 손실될 수 있습니다.
d:\게임프로그래밍\박지용용\battlecityingame\battlecityingame\gamemanager.cpp(1094): warning C4244: '인수': 'int'에서 'float'(으)로 변환하면서 데이터가 손실될 수 있습니다.
d:\게임프로그래밍\박지용용\battlecityingame\battlecityingame\gamemanager.cpp(1182): warning C4244: '인수': 'int'에서 'float'(으)로 변환하면서 데이터가 손실될 수 있습니다.
d:\게임프로그래밍\박지용용\battlecityingame\battlecityingame\gamemanager.cpp(1183): warning C4244: '인수': 'int'에서 'float'(으)로 변환하면서 데이터가 손실될 수 있습니다.
d:\게임프로그래밍\박지용용\battlecityingame\battlecityingame\gamemanager.cpp(1456): warning C4244: '인수': 'int'에서 'float'(으)로 변환하면서 데이터가 손실될 수 있습니다.
d:\게임프로그래밍\박지용용\battlecityingame\battlecityingame\gamemanager.cpp(1476): warning C4805: '==': 연산에 'BOOL' 형식과 'bool' 형식을 함께 사용하는 것은 안전하지 않습니다.
d:\게임프로그래밍\박지용용\battlecityingame\battlecityingame\gamemanager.cpp(1478): warning C4244: '인수': 'int'에서 'float'(으)로 변환하면서 데이터가 손실될 수 있습니다.
d:\게임프로그래밍\박지용용\battlecityingame\battlecityingame\gamemanager.cpp(1503): warning C4244: '인수': 'int'에서 'float'(으)로 변환하면서 데이터가 손실될 수 있습니다.
d:\게임프로그래밍\박지용용\battlecityingame\battlecityingame\gamemanager.cpp(1509): warning C4244: '인수': 'int'에서 'float'(으)로 변환하면서 데이터가 손실될 수 있습니다.
d:\게임프로그래밍\박지용용\battlecityingame\battlecityingame\gamemanager.cpp(1515): warning C4244: '인수': 'int'에서 'float'(으)로 변환하면서 데이터가 손실될 수 있습니다.
d:\게임프로그래밍\박지용용\battlecityingame\battlecityingame\gamemanager.cpp(1522): warning C4244: '인수': 'int'에서 'float'(으)로 변환하면서 데이터가 손실될 수 있습니다.
d:\게임프로그래밍\박지용용\battlecityingame\battlecityingame\gamemanager.cpp(1541): warning C4244: '인수': 'int'에서 'float'(으)로 변환하면서 데이터가 손실될 수 있습니다.
d:\게임프로그래밍\박지용용\battlecityingame\battlecityingame\gamemanager.cpp(1570): warning C4244: '인수': 'float'에서 'int'(으)로 변환하면서 데이터가 손실될 수 있습니다.
d:\게임프로그래밍\박지용용\battlecityingame\battlecityingame\gamemanager.cpp(1578): warning C4267: '인수': 'size_t'에서 'int'(으)로 변환하면서 데이터가 손실될 수 있습니다.
d:\게임프로그래밍\박지용용\battlecityingame\battlecityingame\gamemanager.cpp(1583): warning C4244: '인수': 'float'에서 'int'(으)로 변환하면서 데이터가 손실될 수 있습니다.
d:\게임프로그래밍\박지용용\battlecityingame\battlecityingame\gamemanager.cpp(1587): warning C4267: '인수': 'size_t'에서 'int'(으)로 변환하면서 데이터가 손실될 수 있습니다.
d:\게임프로그래밍\박지용용\battlecityingame\battlecityingame\gamemanager.cpp(1591): warning C4267: '인수': 'size_t'에서 'int'(으)로 변환하면서 데이터가 손실될 수 있습니다.
d:\게임프로그래밍\박지용용\battlecityingame\battlecityingame\gamemanager.cpp(1596): warning C4244: '인수': 'float'에서 'int'(으)로 변환하면서 데이터가 손실될 수 있습니다.
d:\게임프로그래밍\박지용용\battlecityingame\battlecityingame\gamemanager.cpp(1600): warning C4267: '인수': 'size_t'에서 'int'(으)로 변환하면서 데이터가 손실될 수 있습니다.
d:\게임프로그래밍\박지용용\battlecityingame\battlecityingame\gamemanager.cpp(1604): warning C4267: '인수': 'size_t'에서 'int'(으)로 변환하면서 데이터가 손실될 수 있습니다.
d:\게임프로그래밍\박지용용\battlecityingame\battlecityingame\gamemanager.cpp(1708): warning C4244: '+=': 'float'에서 'int'(으)로 변환하면서 데이터가 손실될 수 있습니다.
d:\게임프로그래밍\박지용용\battlecityingame\battlecityingame\gamemanager.cpp(1751): warning C4244: '인수': 'int'에서 'float'(으)로 변환하면서 데이터가 손실될 수 있습니다.
d:\게임프로그래밍\박지용용\battlecityingame\battlecityingame\gamemanager.cpp(1752): warning C4244: '인수': 'int'에서 'float'(으)로 변환하면서 데이터가 손실될 수 있습니다.
d:\게임프로그래밍\박지용용\battlecityingame\battlecityingame\gamemanager.cpp(1801): warning C4805: '==': 연산에 'BOOL' 형식과 'bool' 형식을 함께 사용하는 것은 안전하지 않습니다.
  ExplosionEffect.cpp
d:\게임프로그래밍\박지용용\battlecityingame\battlecityingame\explosioneffect.h(50): warning C4244: '=': 'int'에서 'float'(으)로 변환하면서 데이터가 손실될 수 있습니다.
d:\게임프로그래밍\박지용용\battlecityingame\battlecityingame\explosioneffect.h(51): warning C4244: '=': 'int'에서 'float'(으)로 변환하면서 데이터가 손실될 수 있습니다.
d:\게임프로그래밍\박지용용\battlecityingame\battlecityingame\explosioneffect.cpp(40): warning C4244: '인수': 'float'에서 'int'(으)로 변환하면서 데이터가 손실될 수 있습니다.
d:\게임프로그래밍\박지용용\battlecityingame\battlecityingame\explosioneffect.cpp(53): warning C4244: '인수': 'float'에서 'int'(으)로 변환하면서 데이터가 손실될 수 있습니다.
d:\게임프로그래밍\박지용용\battlecityingame\battlecityingame\explosioneffect.cpp(65): warning C4244: '인수': 'float'에서 'int'(으)로 변환하면서 데이터가 손실될 수 있습니다.
d:\게임프로그래밍\박지용용\battlecityingame\battlecityingame\explosioneffect.cpp(84): warning C4244: '인수': 'float'에서 'int'(으)로 변환하면서 데이터가 손실될 수 있습니다.
d:\게임프로그래밍\박지용용\battlecityingame\battlecityingame\explosioneffect.cpp(95): warning C4244: '인수': 'float'에서 'int'(으)로 변환하면서 데이터가 손실될 수 있습니다.
  ETCeffect.cpp
  EnemyTank.cpp
d:\게임프로그래밍\박지용용\battlecityingame\battlecityingame\enemytank.cpp(39): warning C4244: '=': 'float'에서 'LONG'(으)로 변환하면서 데이터가 손실될 수 있습니다.
d:\게임프로그래밍\박지용용\battlecityingame\battlecityingame\enemytank.cpp(40): warning C4244: '=': 'float'에서 'LONG'(으)로 변환하면서 데이터가 손실될 수 있습니다.
d:\게임프로그래밍\박지용용\battlecityingame\battlecityingame\enemytank.cpp(41): warning C4244: '=': 'float'에서 'LONG'(으)로 변환하면서 데이터가 손실될 수 있습니다.
d:\게임프로그래밍\박지용용\battlecityingame\battlecityingame\enemytank.cpp(42): warning C4244: '=': 'float'에서 'LONG'(으)로 변환하면서 데이터가 손실될 수 있습니다.
  ElseEffect.cpp
d:\게임프로그래밍\박지용용\battlecityingame\battlecityingame\explosioneffect.h(50): warning C4244: '=': 'int'에서 'float'(으)로 변환하면서 데이터가 손실될 수 있습니다.
d:\게임프로그래밍\박지용용\battlecityingame\battlecityingame\explosioneffect.h(51): warning C4244: '=': 'int'에서 'float'(으)로 변환하면서 데이터가 손실될 수 있습니다.
  Block.cpp
d:\게임프로그래밍\박지용용\battlecityingame\battlecityingame\block.cpp(268): warning C4805: '==': 연산에 'BOOL' 형식과 'bool' 형식을 함께 사용하는 것은 안전하지 않습니다.
d:\게임프로그래밍\박지용용\battlecityingame\battlecityingame\block.cpp(273): warning C4805: '==': 연산에 'BOOL' 형식과 'bool' 형식을 함께 사용하는 것은 안전하지 않습니다.
d:\게임프로그래밍\박지용용\battlecityingame\battlecityingame\block.cpp(279): warning C4805: '==': 연산에 'BOOL' 형식과 'bool' 형식을 함께 사용하는 것은 안전하지 않습니다.
d:\게임프로그래밍\박지용용\battlecityingame\battlecityingame\block.cpp(285): warning C4805: '==': 연산에 'BOOL' 형식과 'bool' 형식을 함께 사용하는 것은 안전하지 않습니다.
  Bitmap.cpp
  BattleCityInGameMain.cpp
d:\게임프로그래밍\박지용용\battlecityingame\battlecityingame\resourcemanager.h(83): warning C4150: 불완전한 형식 'Bitmap'에 대한 포인터를 삭제했습니다. 소멸자가 호출되지 않습니다.
  d:\게임프로그래밍\박지용용\battlecityingame\battlecityingame\resourcemanager.h(58): note: 'Bitmap' 선언을 참조하십시오.
  코드를 생성하고 있습니다...
d:\게임프로그래밍\박지용용\battlecityingame\battlecityingame\resourcemanager.h(75): warning C4715: 'ResourceManager::GetInstance': 모든 제어 경로에서 값을 반환하지는 않습니다.
d:\게임프로그래밍\박지용용\battlecityingame\battlecityingame\resourcemanager.h(75): warning C4715: 'ResourceManager::GetInstance': 모든 제어 경로에서 값을 반환하지는 않습니다.
  BattleCityInGame.vcxproj -> D:\게임프로그래밍\박지용용\BattleCityInGame\x64\Debug\BattleCityInGame.exe
