  Scene.cpp
  ResourceManager.cpp
  LobbyScene.cpp
c:\users\pjy\desktop\completeomock\omockclient\lobbyscene.cpp(26): warning C4996: 'sprintf': This function or variable may be unsafe. Consider using sprintf_s instead. To disable deprecation, use _CRT_SECURE_NO_WARNINGS. See online help for details.
  c:\program files (x86)\windows kits\10\include\10.0.16299.0\ucrt\stdio.h(1772): note: 'sprintf' 선언을 참조하십시오.
  GameScene.cpp
c:\users\pjy\desktop\completeomock\omockclient\gamescene.cpp(407): warning C4996: 'strcpy': This function or variable may be unsafe. Consider using strcpy_s instead. To disable deprecation, use _CRT_SECURE_NO_WARNINGS. See online help for details.
  c:\program files (x86)\windows kits\10\include\10.0.16299.0\ucrt\string.h(136): note: 'strcpy' 선언을 참조하십시오.
  GameManager.cpp
  ClientMain.cpp
c:\users\pjy\desktop\completeomock\omockclient\clientmain.cpp(120): warning C4101: 'hdc' :참조되지 않은 지역 변수입니다.
c:\users\pjy\desktop\completeomock\omockclient\clientmain.cpp(121): warning C4101: 'ps' :참조되지 않은 지역 변수입니다.
c:\users\pjy\desktop\completeomock\omockclient\clientmain.cpp(247): warning C4996: 'inet_addr': Use inet_pton() or InetPton() instead or define _WINSOCK_DEPRECATED_NO_WARNINGS to disable deprecated API warnings
  c:\program files (x86)\windows kits\10\include\10.0.16299.0\um\winsock2.h(1830): note: 'inet_addr' 선언을 참조하십시오.
c:\users\pjy\desktop\completeomock\omockclient\clientmain.cpp(250): warning C4996: 'WSAAsyncSelect': Use WSAEventSelect() instead or define _WINSOCK_DEPRECATED_NO_WARNINGS to disable deprecated API warnings
  c:\program files (x86)\windows kits\10\include\10.0.16299.0\um\winsock2.h(2679): note: 'WSAAsyncSelect' 선언을 참조하십시오.
  Bitmap.cpp
c:\users\pjy\desktop\completeomock\omockclient\bitmap.cpp(74): warning C4244: '-=': 'float'에서 'int'(으)로 변환하면서 데이터가 손실될 수 있습니다.
c:\users\pjy\desktop\completeomock\omockclient\bitmap.cpp(75): warning C4244: '-=': 'float'에서 'int'(으)로 변환하면서 데이터가 손실될 수 있습니다.
  코드를 생성하고 있습니다...
  OmockClient.vcxproj -> C:\Users\PJY\Desktop\CompleteOmock\Debug\OmockClient.exe
