  ResouceManager.cpp
d:\게임프로그래밍\박지용용\findmap\findmap\resoucemanager.h(49): warning C4150: 불완전한 형식 'Bitmap'에 대한 포인터를 삭제했습니다. 소멸자가 호출되지 않습니다.
  d:\게임프로그래밍\박지용용\findmap\findmap\resoucemanager.h(24): note: 'Bitmap' 선언을 참조하십시오.
d:\게임프로그래밍\박지용용\findmap\findmap\resoucemanager.cpp(36): warning C4996: 'sprintf': This function or variable may be unsafe. Consider using sprintf_s instead. To disable deprecation, use _CRT_SECURE_NO_WARNINGS. See online help for details.
  c:\program files (x86)\windows kits\10\include\10.0.16299.0\ucrt\stdio.h(1772): note: 'sprintf' 선언을 참조하십시오.
  Piece.cpp
  Mine.cpp
  GameManager.cpp
d:\게임프로그래밍\박지용용\findmap\findmap\resoucemanager.h(49): warning C4150: 불완전한 형식 'Bitmap'에 대한 포인터를 삭제했습니다. 소멸자가 호출되지 않습니다.
  d:\게임프로그래밍\박지용용\findmap\findmap\resoucemanager.h(24): note: 'Bitmap' 선언을 참조하십시오.
d:\게임프로그래밍\박지용용\findmap\findmap\gamemanager.cpp(72): warning C4267: '초기화 중': 'size_t'에서 'int'(으)로 변환하면서 데이터가 손실될 수 있습니다.
d:\게임프로그래밍\박지용용\findmap\findmap\gamemanager.cpp(114): warning C4267: '인수': 'size_t'에서 'int'(으)로 변환하면서 데이터가 손실될 수 있습니다.
  FindMapSourcecpp.cpp
d:\게임프로그래밍\박지용용\findmap\findmap\resoucemanager.h(49): warning C4150: 불완전한 형식 'Bitmap'에 대한 포인터를 삭제했습니다. 소멸자가 호출되지 않습니다.
  d:\게임프로그래밍\박지용용\findmap\findmap\resoucemanager.h(24): note: 'Bitmap' 선언을 참조하십시오.
d:\게임프로그래밍\박지용용\findmap\findmap\findmapsourcecpp.cpp(70): warning C4244: '인수': 'time_t'에서 'unsigned int'(으)로 변환하면서 데이터가 손실될 수 있습니다.
d:\게임프로그래밍\박지용용\findmap\findmap\findmapsourcecpp.cpp(98): warning C4267: '인수': 'size_t'에서 'int'(으)로 변환하면서 데이터가 손실될 수 있습니다.
  Block.cpp
  Bitmap.cpp
  코드를 생성하고 있습니다...
  FindMap.vcxproj -> D:\게임프로그래밍\박지용용\FindMap\x64\Debug\FindMap.exe
